app/build/intermediates/manifest_merge_blame_file/debug/processDebugMainManifest/manifest-merger-blame-debug-report.txt
1<?xml version="1.0" encoding="utf-8"?>
2<manifest xmlns:android="http://schemas.android.com/apk/res/android"
3    package="com.example.app3"
4    android:versionCode="1"
5    android:versionName="1.0" >
6
7    <uses-sdk
8        android:minSdkVersion="24"
9        android:targetSdkVersion="36" />
10
11    <uses-permission android:name="android.permission.INTERNET" />
11-->src\main\AndroidManifest.xml:5:5-67
11-->src\main\AndroidManifest.xml:5:22-64
12    <uses-permission android:name="android.permission.ACCESS_NETWORK_STATE" />
12-->[com.google.firebase:firebase-auth:24.0.1] AndroidManifest.xml:26:5-79
12-->[com.google.firebase:firebase-auth:24.0.1] AndroidManifest.xml:26:22-76
13    <uses-permission android:name="com.google.android.providers.gsf.permission.READ_GSERVICES" />
13-->[com.google.android.recaptcha:recaptcha:18.6.1] AndroidManifest.xml:9:5-98
13-->[com.google.android.recaptcha:recaptcha:18.6.1] AndroidManifest.xml:9:22-95
14
15    <permission
15-->[androidx.core:core:1.13.1] AndroidManifest.xml:22:5-24:47
16        android:name="com.example.app3.DYNAMIC_RECEIVER_NOT_EXPORTED_PERMISSION"
16-->[androidx.core:core:1.13.1] AndroidManifest.xml:23:9-81
17        android:protectionLevel="signature" />
17-->[androidx.core:core:1.13.1] AndroidManifest.xml:24:9-44
18
19    <uses-permission android:name="com.example.app3.DYNAMIC_RECEIVER_NOT_EXPORTED_PERMISSION" />
19-->[androidx.core:core:1.13.1] AndroidManifest.xml:26:5-97
19-->[androidx.core:core:1.13.1] AndroidManifest.xml:26:22-94
20
21    <application
21-->src\main\AndroidManifest.xml:7:5-57:19
22        android:allowBackup="true"
22-->src\main\AndroidManifest.xml:8:9-35
23        android:appComponentFactory="androidx.core.app.CoreComponentFactory"
23-->[androidx.core:core:1.13.1] AndroidManifest.xml:28:18-86
24        android:dataExtractionRules="@xml/data_extraction_rules"
24-->src\main\AndroidManifest.xml:9:9-65
25        android:debuggable="true"
26        android:extractNativeLibs="false"
27        android:fullBackupContent="@xml/backup_rules"
27-->src\main\AndroidManifest.xml:10:9-54
28        android:icon="@mipmap/ic_launcher"
28-->src\main\AndroidManifest.xml:11:9-43
29        android:label="@string/app_name"
29-->src\main\AndroidManifest.xml:12:9-41
30        android:roundIcon="@mipmap/ic_launcher_round"
30-->src\main\AndroidManifest.xml:13:9-54
31        android:supportsRtl="true"
31-->src\main\AndroidManifest.xml:14:9-35
32        android:testOnly="true"
33        android:theme="@style/Theme.App3" >
33-->src\main\AndroidManifest.xml:15:9-42
34        <activity
34-->src\main\AndroidManifest.xml:17:9-25:20
35            android:name="com.example.app3.SplashActivity"
35-->src\main\AndroidManifest.xml:18:13-43
36            android:exported="true"
36-->src\main\AndroidManifest.xml:19:13-36
37            android:theme="@style/Theme.App3.Splash" > <!-- Apply the splash theme here -->
37-->src\main\AndroidManifest.xml:20:13-53
38            <intent-filter>
38-->src\main\AndroidManifest.xml:21:13-24:29
39                <action android:name="android.intent.action.MAIN" />
39-->src\main\AndroidManifest.xml:22:17-69
39-->src\main\AndroidManifest.xml:22:25-66
40
41                <category android:name="android.intent.category.LAUNCHER" />
41-->src\main\AndroidManifest.xml:23:17-77
41-->src\main\AndroidManifest.xml:23:27-74
42            </intent-filter>
43        </activity>
44        <activity
44-->src\main\AndroidManifest.xml:27:9-30:37
45            android:name="com.example.app3.MainActivity"
45-->src\main\AndroidManifest.xml:28:13-41
46            android:exported="false"
46-->src\main\AndroidManifest.xml:29:13-37
47            android:label="Login" />
47-->src\main\AndroidManifest.xml:30:13-34
48        <activity
48-->src\main\AndroidManifest.xml:32:9-35:48
49            android:name="com.example.app3.RecoverPasswordActivity"
49-->src\main\AndroidManifest.xml:33:13-52
50            android:exported="false"
50-->src\main\AndroidManifest.xml:34:13-37
51            android:label="Recover Password" />
51-->src\main\AndroidManifest.xml:35:13-45
52        <activity
52-->src\main\AndroidManifest.xml:37:9-40:48
53            android:name="com.example.app3.RegisterAccountActivity"
53-->src\main\AndroidManifest.xml:38:13-52
54            android:exported="false"
54-->src\main\AndroidManifest.xml:39:13-37
55            android:label="Register Account" />
55-->src\main\AndroidManifest.xml:40:13-45
56        <activity
56-->src\main\AndroidManifest.xml:42:9-45:40
57            android:name="com.example.app3.NewsActivity"
57-->src\main\AndroidManifest.xml:43:13-41
58            android:exported="false"
58-->src\main\AndroidManifest.xml:44:13-37
59            android:label="Noticias" />
59-->src\main\AndroidManifest.xml:45:13-37
60        <activity
60-->src\main\AndroidManifest.xml:47:9-50:47
61            android:name="com.example.app3.AddNewsActivity"
61-->src\main\AndroidManifest.xml:48:13-44
62            android:exported="false"
62-->src\main\AndroidManifest.xml:49:13-37
63            android:label="Agregar Noticia" />
63-->src\main\AndroidManifest.xml:50:13-44
64        <activity
64-->src\main\AndroidManifest.xml:52:9-55:53
65            android:name="com.example.app3.NewsDetailActivity"
65-->src\main\AndroidManifest.xml:53:13-47
66            android:exported="false"
66-->src\main\AndroidManifest.xml:54:13-37
67            android:label="Detalle de la Noticia" />
67-->src\main\AndroidManifest.xml:55:13-50
68        <activity
68-->[com.google.firebase:firebase-auth:24.0.1] AndroidManifest.xml:29:9-46:20
69            android:name="com.google.firebase.auth.internal.GenericIdpActivity"
69-->[com.google.firebase:firebase-auth:24.0.1] AndroidManifest.xml:30:13-80
70            android:excludeFromRecents="true"
70-->[com.google.firebase:firebase-auth:24.0.1] AndroidManifest.xml:31:13-46
71            android:exported="true"
71-->[com.google.firebase:firebase-auth:24.0.1] AndroidManifest.xml:32:13-36
72            android:launchMode="singleTask"
72-->[com.google.firebase:firebase-auth:24.0.1] AndroidManifest.xml:33:13-44
73            android:theme="@android:style/Theme.Translucent.NoTitleBar" >
73-->[com.google.firebase:firebase-auth:24.0.1] AndroidManifest.xml:34:13-72
74            <intent-filter>
74-->[com.google.firebase:firebase-auth:24.0.1] AndroidManifest.xml:35:13-45:29
75                <action android:name="android.intent.action.VIEW" />
75-->[com.google.firebase:firebase-auth:24.0.1] AndroidManifest.xml:36:17-69
75-->[com.google.firebase:firebase-auth:24.0.1] AndroidManifest.xml:36:25-66
76
77                <category android:name="android.intent.category.DEFAULT" />
77-->[com.google.firebase:firebase-auth:24.0.1] AndroidManifest.xml:38:17-76
77-->[com.google.firebase:firebase-auth:24.0.1] AndroidManifest.xml:38:27-73
78                <category android:name="android.intent.category.BROWSABLE" />
78-->[com.google.firebase:firebase-auth:24.0.1] AndroidManifest.xml:39:17-78
78-->[com.google.firebase:firebase-auth:24.0.1] AndroidManifest.xml:39:27-75
79
80                <data
80-->[com.google.firebase:firebase-auth:24.0.1] AndroidManifest.xml:41:17-44:51
81                    android:host="firebase.auth"
81-->[com.google.firebase:firebase-auth:24.0.1] AndroidManifest.xml:42:21-49
82                    android:path="/"
82-->[com.google.firebase:firebase-auth:24.0.1] AndroidManifest.xml:43:21-37
83                    android:scheme="genericidp" />
83-->[com.google.firebase:firebase-auth:24.0.1] AndroidManifest.xml:44:21-48
84            </intent-filter>
85        </activity>
86        <activity
86-->[com.google.firebase:firebase-auth:24.0.1] AndroidManifest.xml:47:9-64:20
87            android:name="com.google.firebase.auth.internal.RecaptchaActivity"
87-->[com.google.firebase:firebase-auth:24.0.1] AndroidManifest.xml:48:13-79
88            android:excludeFromRecents="true"
88-->[com.google.firebase:firebase-auth:24.0.1] AndroidManifest.xml:49:13-46
89            android:exported="true"
89-->[com.google.firebase:firebase-auth:24.0.1] AndroidManifest.xml:50:13-36
90            android:launchMode="singleTask"
90-->[com.google.firebase:firebase-auth:24.0.1] AndroidManifest.xml:51:13-44
91            android:theme="@android:style/Theme.Translucent.NoTitleBar" >
91-->[com.google.firebase:firebase-auth:24.0.1] AndroidManifest.xml:52:13-72
92            <intent-filter>
92-->[com.google.firebase:firebase-auth:24.0.1] AndroidManifest.xml:53:13-63:29
93                <action android:name="android.intent.action.VIEW" />
93-->[com.google.firebase:firebase-auth:24.0.1] AndroidManifest.xml:36:17-69
93-->[com.google.firebase:firebase-auth:24.0.1] AndroidManifest.xml:36:25-66
94
95                <category android:name="android.intent.category.DEFAULT" />
95-->[com.google.firebase:firebase-auth:24.0.1] AndroidManifest.xml:38:17-76
95-->[com.google.firebase:firebase-auth:24.0.1] AndroidManifest.xml:38:27-73
96                <category android:name="android.intent.category.BROWSABLE" />
96-->[com.google.firebase:firebase-auth:24.0.1] AndroidManifest.xml:39:17-78
96-->[com.google.firebase:firebase-auth:24.0.1] AndroidManifest.xml:39:27-75
97
98                <data
98-->[com.google.firebase:firebase-auth:24.0.1] AndroidManifest.xml:41:17-44:51
99                    android:host="firebase.auth"
99-->[com.google.firebase:firebase-auth:24.0.1] AndroidManifest.xml:42:21-49
100                    android:path="/"
100-->[com.google.firebase:firebase-auth:24.0.1] AndroidManifest.xml:43:21-37
101                    android:scheme="recaptcha" />
101-->[com.google.firebase:firebase-auth:24.0.1] AndroidManifest.xml:44:21-48
102            </intent-filter>
103        </activity>
104
105        <service
105-->[com.google.firebase:firebase-auth:24.0.1] AndroidManifest.xml:66:9-72:19
106            android:name="com.google.firebase.components.ComponentDiscoveryService"
106-->[com.google.firebase:firebase-auth:24.0.1] AndroidManifest.xml:67:13-84
107            android:directBootAware="true"
107-->[com.google.firebase:firebase-common:22.0.1] AndroidManifest.xml:32:13-43
108            android:exported="false" >
108-->[com.google.firebase:firebase-auth:24.0.1] AndroidManifest.xml:68:13-37
109            <meta-data
109-->[com.google.firebase:firebase-auth:24.0.1] AndroidManifest.xml:69:13-71:85
110                android:name="com.google.firebase.components:com.google.firebase.auth.FirebaseAuthRegistrar"
110-->[com.google.firebase:firebase-auth:24.0.1] AndroidManifest.xml:70:17-109
111                android:value="com.google.firebase.components.ComponentRegistrar" />
111-->[com.google.firebase:firebase-auth:24.0.1] AndroidManifest.xml:71:17-82
112            <meta-data
112-->[com.google.firebase:firebase-firestore:26.0.2] AndroidManifest.xml:17:13-19:85
113                android:name="com.google.firebase.components:com.google.firebase.firestore.FirebaseFirestoreKtxRegistrar"
113-->[com.google.firebase:firebase-firestore:26.0.2] AndroidManifest.xml:18:17-122
114                android:value="com.google.firebase.components.ComponentRegistrar" />
114-->[com.google.firebase:firebase-firestore:26.0.2] AndroidManifest.xml:19:17-82
115            <meta-data
115-->[com.google.firebase:firebase-firestore:26.0.2] AndroidManifest.xml:20:13-22:85
116                android:name="com.google.firebase.components:com.google.firebase.firestore.FirestoreRegistrar"
116-->[com.google.firebase:firebase-firestore:26.0.2] AndroidManifest.xml:21:17-111
117                android:value="com.google.firebase.components.ComponentRegistrar" />
117-->[com.google.firebase:firebase-firestore:26.0.2] AndroidManifest.xml:22:17-82
118            <meta-data
118-->[com.google.firebase:firebase-common:22.0.1] AndroidManifest.xml:35:13-37:85
119                android:name="com.google.firebase.components:com.google.firebase.FirebaseCommonKtxRegistrar"
119-->[com.google.firebase:firebase-common:22.0.1] AndroidManifest.xml:36:17-109
120                android:value="com.google.firebase.components.ComponentRegistrar" />
120-->[com.google.firebase:firebase-common:22.0.1] AndroidManifest.xml:37:17-82
121        </service>
122        <service
122-->[androidx.credentials:credentials-play-services-auth:1.2.0-rc01] AndroidManifest.xml:24:9-32:19
123            android:name="androidx.credentials.playservices.CredentialProviderMetadataHolder"
123-->[androidx.credentials:credentials-play-services-auth:1.2.0-rc01] AndroidManifest.xml:25:13-94
124            android:enabled="true"
124-->[androidx.credentials:credentials-play-services-auth:1.2.0-rc01] AndroidManifest.xml:26:13-35
125            android:exported="false" >
125-->[androidx.credentials:credentials-play-services-auth:1.2.0-rc01] AndroidManifest.xml:27:13-37
126            <meta-data
126-->[androidx.credentials:credentials-play-services-auth:1.2.0-rc01] AndroidManifest.xml:29:13-31:104
127                android:name="androidx.credentials.CREDENTIAL_PROVIDER_KEY"
127-->[androidx.credentials:credentials-play-services-auth:1.2.0-rc01] AndroidManifest.xml:30:17-76
128                android:value="androidx.credentials.playservices.CredentialProviderPlayServicesImpl" />
128-->[androidx.credentials:credentials-play-services-auth:1.2.0-rc01] AndroidManifest.xml:31:17-101
129        </service>
130
131        <activity
131-->[androidx.credentials:credentials-play-services-auth:1.2.0-rc01] AndroidManifest.xml:34:9-41:20
132            android:name="androidx.credentials.playservices.HiddenActivity"
132-->[androidx.credentials:credentials-play-services-auth:1.2.0-rc01] AndroidManifest.xml:35:13-76
133            android:configChanges="orientation|screenSize|screenLayout|keyboardHidden"
133-->[androidx.credentials:credentials-play-services-auth:1.2.0-rc01] AndroidManifest.xml:36:13-87
134            android:enabled="true"
134-->[androidx.credentials:credentials-play-services-auth:1.2.0-rc01] AndroidManifest.xml:37:13-35
135            android:exported="false"
135-->[androidx.credentials:credentials-play-services-auth:1.2.0-rc01] AndroidManifest.xml:38:13-37
136            android:fitsSystemWindows="true"
136-->[androidx.credentials:credentials-play-services-auth:1.2.0-rc01] AndroidManifest.xml:39:13-45
137            android:theme="@style/Theme.Hidden" >
137-->[androidx.credentials:credentials-play-services-auth:1.2.0-rc01] AndroidManifest.xml:40:13-48
138        </activity>
139        <activity
139-->[com.google.android.gms:play-services-auth:20.7.0] AndroidManifest.xml:23:9-27:75
140            android:name="com.google.android.gms.auth.api.signin.internal.SignInHubActivity"
140-->[com.google.android.gms:play-services-auth:20.7.0] AndroidManifest.xml:24:13-93
141            android:excludeFromRecents="true"
141-->[com.google.android.gms:play-services-auth:20.7.0] AndroidManifest.xml:25:13-46
142            android:exported="false"
142-->[com.google.android.gms:play-services-auth:20.7.0] AndroidManifest.xml:26:13-37
143            android:theme="@android:style/Theme.Translucent.NoTitleBar" />
143-->[com.google.android.gms:play-services-auth:20.7.0] AndroidManifest.xml:27:13-72
144        <!--
145            Service handling Google Sign-In user revocation. For apps that do not integrate with
146            Google Sign-In, this service will never be started.
147        -->
148        <service
148-->[com.google.android.gms:play-services-auth:20.7.0] AndroidManifest.xml:33:9-37:51
149            android:name="com.google.android.gms.auth.api.signin.RevocationBoundService"
149-->[com.google.android.gms:play-services-auth:20.7.0] AndroidManifest.xml:34:13-89
150            android:exported="true"
150-->[com.google.android.gms:play-services-auth:20.7.0] AndroidManifest.xml:35:13-36
151            android:permission="com.google.android.gms.auth.api.signin.permission.REVOCATION_NOTIFICATION"
151-->[com.google.android.gms:play-services-auth:20.7.0] AndroidManifest.xml:36:13-107
152            android:visibleToInstantApps="true" />
152-->[com.google.android.gms:play-services-auth:20.7.0] AndroidManifest.xml:37:13-48
153
154        <provider
154-->[com.google.firebase:firebase-common:22.0.1] AndroidManifest.xml:23:9-28:39
155            android:name="com.google.firebase.provider.FirebaseInitProvider"
155-->[com.google.firebase:firebase-common:22.0.1] AndroidManifest.xml:24:13-77
156            android:authorities="com.example.app3.firebaseinitprovider"
156-->[com.google.firebase:firebase-common:22.0.1] AndroidManifest.xml:25:13-72
157            android:directBootAware="true"
157-->[com.google.firebase:firebase-common:22.0.1] AndroidManifest.xml:26:13-43
158            android:exported="false"
158-->[com.google.firebase:firebase-common:22.0.1] AndroidManifest.xml:27:13-37
159            android:initOrder="100" />
159-->[com.google.firebase:firebase-common:22.0.1] AndroidManifest.xml:28:13-36
160
161        <activity
161-->[com.google.android.gms:play-services-base:18.1.0] AndroidManifest.xml:20:9-22:45
162            android:name="com.google.android.gms.common.api.GoogleApiActivity"
162-->[com.google.android.gms:play-services-base:18.1.0] AndroidManifest.xml:20:19-85
163            android:exported="false"
163-->[com.google.android.gms:play-services-base:18.1.0] AndroidManifest.xml:22:19-43
164            android:theme="@android:style/Theme.Translucent.NoTitleBar" />
164-->[com.google.android.gms:play-services-base:18.1.0] AndroidManifest.xml:21:19-78
165        <activity
165-->[androidx.compose.ui:ui-tooling-android:1.7.0] AndroidManifest.xml:23:9-25:39
166            android:name="androidx.compose.ui.tooling.PreviewActivity"
166-->[androidx.compose.ui:ui-tooling-android:1.7.0] AndroidManifest.xml:24:13-71
167            android:exported="true" />
167-->[androidx.compose.ui:ui-tooling-android:1.7.0] AndroidManifest.xml:25:13-36
168        <activity
168-->[androidx.compose.ui:ui-test-manifest:1.7.0] AndroidManifest.xml:23:9-25:39
169            android:name="androidx.activity.ComponentActivity"
169-->[androidx.compose.ui:ui-test-manifest:1.7.0] AndroidManifest.xml:24:13-63
170            android:exported="true" />
170-->[androidx.compose.ui:ui-test-manifest:1.7.0] AndroidManifest.xml:25:13-36
171
172        <provider
172-->[androidx.emoji2:emoji2:1.3.0] AndroidManifest.xml:24:9-32:20
173            android:name="androidx.startup.InitializationProvider"
173-->[androidx.emoji2:emoji2:1.3.0] AndroidManifest.xml:25:13-67
174            android:authorities="com.example.app3.androidx-startup"
174-->[androidx.emoji2:emoji2:1.3.0] AndroidManifest.xml:26:13-68
175            android:exported="false" >
175-->[androidx.emoji2:emoji2:1.3.0] AndroidManifest.xml:27:13-37
176            <meta-data
176-->[androidx.emoji2:emoji2:1.3.0] AndroidManifest.xml:29:13-31:52
177                android:name="androidx.emoji2.text.EmojiCompatInitializer"
177-->[androidx.emoji2:emoji2:1.3.0] AndroidManifest.xml:30:17-75
178                android:value="androidx.startup" />
178-->[androidx.emoji2:emoji2:1.3.0] AndroidManifest.xml:31:17-49
179            <meta-data
179-->[androidx.lifecycle:lifecycle-process:2.8.3] AndroidManifest.xml:29:13-31:52
180                android:name="androidx.lifecycle.ProcessLifecycleInitializer"
180-->[androidx.lifecycle:lifecycle-process:2.8.3] AndroidManifest.xml:30:17-78
181                android:value="androidx.startup" />
181-->[androidx.lifecycle:lifecycle-process:2.8.3] AndroidManifest.xml:31:17-49
182            <meta-data
182-->[androidx.profileinstaller:profileinstaller:1.3.1] AndroidManifest.xml:29:13-31:52
183                android:name="androidx.profileinstaller.ProfileInstallerInitializer"
183-->[androidx.profileinstaller:profileinstaller:1.3.1] AndroidManifest.xml:30:17-85
184                android:value="androidx.startup" />
184-->[androidx.profileinstaller:profileinstaller:1.3.1] AndroidManifest.xml:31:17-49
185        </provider>
186
187        <meta-data
187-->[com.google.android.gms:play-services-basement:18.8.0] AndroidManifest.xml:21:9-23:69
188            android:name="com.google.android.gms.version"
188-->[com.google.android.gms:play-services-basement:18.8.0] AndroidManifest.xml:22:13-58
189            android:value="@integer/google_play_services_version" />
189-->[com.google.android.gms:play-services-basement:18.8.0] AndroidManifest.xml:23:13-66
190
191        <receiver
191-->[androidx.profileinstaller:profileinstaller:1.3.1] AndroidManifest.xml:34:9-52:20
192            android:name="androidx.profileinstaller.ProfileInstallReceiver"
192-->[androidx.profileinstaller:profileinstaller:1.3.1] AndroidManifest.xml:35:13-76
193            android:directBootAware="false"
193-->[androidx.profileinstaller:profileinstaller:1.3.1] AndroidManifest.xml:36:13-44
194            android:enabled="true"
194-->[androidx.profileinstaller:profileinstaller:1.3.1] AndroidManifest.xml:37:13-35
195            android:exported="true"
195-->[androidx.profileinstaller:profileinstaller:1.3.1] AndroidManifest.xml:38:13-36
196            android:permission="android.permission.DUMP" >
196-->[androidx.profileinstaller:profileinstaller:1.3.1] AndroidManifest.xml:39:13-57
197            <intent-filter>
197-->[androidx.profileinstaller:profileinstaller:1.3.1] AndroidManifest.xml:40:13-42:29
198                <action android:name="androidx.profileinstaller.action.INSTALL_PROFILE" />
198-->[androidx.profileinstaller:profileinstaller:1.3.1] AndroidManifest.xml:41:17-91
198-->[androidx.profileinstaller:profileinstaller:1.3.1] AndroidManifest.xml:41:25-88
199            </intent-filter>
200            <intent-filter>
200-->[androidx.profileinstaller:profileinstaller:1.3.1] AndroidManifest.xml:43:13-45:29
201                <action android:name="androidx.profileinstaller.action.SKIP_FILE" />
201-->[androidx.profileinstaller:profileinstaller:1.3.1] AndroidManifest.xml:44:17-85
201-->[androidx.profileinstaller:profileinstaller:1.3.1] AndroidManifest.xml:44:25-82
202            </intent-filter>
203            <intent-filter>
203-->[androidx.profileinstaller:profileinstaller:1.3.1] AndroidManifest.xml:46:13-48:29
204                <action android:name="androidx.profileinstaller.action.SAVE_PROFILE" />
204-->[androidx.profileinstaller:profileinstaller:1.3.1] AndroidManifest.xml:47:17-88
204-->[androidx.profileinstaller:profileinstaller:1.3.1] AndroidManifest.xml:47:25-85
205            </intent-filter>
206            <intent-filter>
206-->[androidx.profileinstaller:profileinstaller:1.3.1] AndroidManifest.xml:49:13-51:29
207                <action android:name="androidx.profileinstaller.action.BENCHMARK_OPERATION" />
207-->[androidx.profileinstaller:profileinstaller:1.3.1] AndroidManifest.xml:50:17-95
207-->[androidx.profileinstaller:profileinstaller:1.3.1] AndroidManifest.xml:50:25-92
208            </intent-filter>
209        </receiver> <!-- The activities will be merged into the manifest of the hosting app. -->
210        <activity
210-->[com.google.android.play:core-common:2.0.3] AndroidManifest.xml:14:9-18:65
211            android:name="com.google.android.play.core.common.PlayCoreDialogWrapperActivity"
211-->[com.google.android.play:core-common:2.0.3] AndroidManifest.xml:15:13-93
212            android:exported="false"
212-->[com.google.android.play:core-common:2.0.3] AndroidManifest.xml:16:13-37
213            android:stateNotNeeded="true"
213-->[com.google.android.play:core-common:2.0.3] AndroidManifest.xml:17:13-42
214            android:theme="@style/Theme.PlayCore.Transparent" />
214-->[com.google.android.play:core-common:2.0.3] AndroidManifest.xml:18:13-62
215    </application>
216
217</manifest>